#
# A fatal error has been detected by the Java Runtime Environment:
#
#  EXCEPTION_ACCESS_VIOLATION (0xc0000005) at pc=0x00000000600f33af, pid=11552, tid=10804
#
# JRE version: Java(TM) SE Runtime Environment (8.0_73-b02) (build 1.8.0_73-b02)
# Java VM: Java HotSpot(TM) 64-Bit Server VM (25.73-b02 mixed mode windows-amd64 compressed oops)
# Problematic frame:
# C  [nvoglv64.DLL+0x14333af]
#
# Failed to write core dump. Minidumps are not enabled by default on client versions of Windows
#
# If you would like to submit a bug report, please visit:
#   http://bugreport.java.com/bugreport/crash.jsp
# The crash happened outside the Java Virtual Machine in native code.
# See problematic frame for where to report the bug.
#

---------------  T H R E A D  ---------------

Current thread (0x00000000025cd800):  JavaThread "main" [_thread_in_native, id=10804, stack(0x00000000024c0000,0x00000000025c0000)]

siginfo: ExceptionCode=0xc0000005, reading address 0x0000000000000000

Registers:
RAX=0x00000000600f33af, RBX=0x000000001f594be0, RCX=0x000000001f594bfc, RDX=0x0000000000000000
RSP=0x00000000025bf488, RBP=0x0000000000000000, RSI=0x0000000000000030, RDI=0x000000001f0db080
R8 =0x0000000000000003, R9 =0x000000005ecc0000, R10=0x000000001f594bfc, R11=0x000000001f594bfc
R12=0x0000000000001401, R13=0x0000000000000003, R14=0x0000000000000003, R15=0x0000000000000000
RIP=0x00000000600f33af, EFLAGS=0x0000000000010206

Top of Stack: (sp=0x00000000025bf488)
0x00000000025bf488:   000000005f41ea3c 00000000025cd670
0x00000000025bf498:   0000000060f8a2f6 00000000025bf9c8
0x00000000025bf4a8:   00000000025ce2e0 00000000000003d8
0x00000000025bf4b8:   00000000025ce2f0 000000001b9084f8
0x00000000025bf4c8:   00000000025cd800 000000001b9084f8
0x00000000025bf4d8:   00000000025cd800 0000000002757ced
0x00000000025bf4e8:   0000000002765cc6 00000000025cd800
0x00000000025bf4f8:   00000000025bf5e8 0000000000000000
0x00000000025bf508:   0000000002757ced 00000000025bf5a8
0x00000000025bf518:   0000000002765e34 0000000000000108
0x00000000025bf528:   0000000002757c00 000000001b9084f8
0x00000000025bf538:   000000001b9084f8 0000000000001401
0x00000000025bf548:   0000000000000000 0000000000000108
0x00000000025bf558:   00000000025cd800 0000000002765b62
0x00000000025bf568:   00000000025bf568 000000001b9084f8
0x00000000025bf578:   00000000025bf5e8 000000001b932c28 

Instructions: (pc=0x00000000600f33af)
0x00000000600f338f:   01 c6 34 43 01 49 8b c3 c3 48 0f b6 02 41 88 02
0x00000000600f339f:   49 8b c3 c3 48 0f b7 02 66 41 89 02 49 8b c3 c3
0x00000000600f33af:   48 0f b6 02 48 0f b7 4a 01 41 88 02 66 41 89 4a
0x00000000600f33bf:   01 49 8b c3 c3 8b 02 41 89 02 49 8b c3 c3 48 0f 


Register to memory mapping:

RAX=0x00000000600f33af is an unknown value
RBX=0x000000001f594be0 is an unknown value
RCX=0x000000001f594bfc is an unknown value
RDX=0x0000000000000000 is an unknown value
RSP=0x00000000025bf488 is pointing into the stack for thread: 0x00000000025cd800
RBP=0x0000000000000000 is an unknown value
RSI=0x0000000000000030 is an unknown value
RDI=0x000000001f0db080 is an unknown value
R8 =0x0000000000000003 is an unknown value
R9 =0x000000005ecc0000 is an unknown value
R10=0x000000001f594bfc is an unknown value
R11=0x000000001f594bfc is an unknown value
R12=0x0000000000001401 is an unknown value
R13=0x0000000000000003 is an unknown value
R14=0x0000000000000003 is an unknown value
R15=0x0000000000000000 is an unknown value


Stack: [0x00000000024c0000,0x00000000025c0000],  sp=0x00000000025bf488,  free space=1021k
Native frames: (J=compiled Java code, j=interpreted, Vv=VM code, C=native code)

Java frames: (J=compiled Java code, j=interpreted, Vv=VM code)
j  org.lwjgl.opengl.GL11.nglDrawElements(IIIJ)V+0
j  org.lwjgl.opengl.GL11.glDrawElements(IIIJ)V+4
j  com.gmail.youknowjoejoe.ogld2.Renderable.render()V+24
j  com.gmail.youknowjoejoe.ogld2.Main.loop()V+29
j  com.gmail.youknowjoejoe.ogld2.Main.run()V+64
j  com.gmail.youknowjoejoe.ogld2.Main.main([Ljava/lang/String;)V+7
v  ~StubRoutines::call_stub

---------------  P R O C E S S  ---------------

Java Threads: ( => current thread )
  0x000000001d728000 JavaThread "Service Thread" daemon [_thread_blocked, id=12252, stack(0x000000001daf0000,0x000000001dbf0000)]
  0x000000001bda6800 JavaThread "C1 CompilerThread2" daemon [_thread_blocked, id=12052, stack(0x000000001d5f0000,0x000000001d6f0000)]
  0x000000001bda0000 JavaThread "C2 CompilerThread1" daemon [_thread_blocked, id=5364, stack(0x000000001d4f0000,0x000000001d5f0000)]
  0x000000001bd9d000 JavaThread "C2 CompilerThread0" daemon [_thread_blocked, id=9832, stack(0x000000001d3f0000,0x000000001d4f0000)]
  0x000000001bd9b800 JavaThread "Attach Listener" daemon [_thread_blocked, id=11560, stack(0x000000001d2f0000,0x000000001d3f0000)]
  0x000000001bd9a000 JavaThread "Signal Dispatcher" daemon [_thread_blocked, id=11916, stack(0x000000001d1f0000,0x000000001d2f0000)]
  0x0000000002747000 JavaThread "Finalizer" daemon [_thread_blocked, id=17188, stack(0x000000001d000000,0x000000001d100000)]
  0x000000000273e000 JavaThread "Reference Handler" daemon [_thread_blocked, id=13256, stack(0x000000001cf00000,0x000000001d000000)]
=>0x00000000025cd800 JavaThread "main" [_thread_in_native, id=10804, stack(0x00000000024c0000,0x00000000025c0000)]

Other Threads:
  0x000000001bd67000 VMThread [stack: 0x000000001ce00000,0x000000001cf00000] [id=3032]
  0x000000001d72c800 WatcherThread [stack: 0x000000001dbf0000,0x000000001dcf0000] [id=4712]

VM state:not at safepoint (normal execution)

VM Mutex/Monitor currently owned by a thread: None

Heap:
 PSYoungGen      total 76288K, used 17039K [0x000000076af80000, 0x0000000770480000, 0x00000007c0000000)
  eden space 65536K, 26% used [0x000000076af80000,0x000000076c023f18,0x000000076ef80000)
  from space 10752K, 0% used [0x000000076fa00000,0x000000076fa00000,0x0000000770480000)
  to   space 10752K, 0% used [0x000000076ef80000,0x000000076ef80000,0x000000076fa00000)
 ParOldGen       total 175104K, used 0K [0x00000006c0e00000, 0x00000006cb900000, 0x000000076af80000)
  object space 175104K, 0% used [0x00000006c0e00000,0x00000006c0e00000,0x00000006cb900000)
 Metaspace       used 8944K, capacity 9077K, committed 9344K, reserved 1058816K
  class space    used 781K, capacity 840K, committed 896K, reserved 1048576K

Card table byte_map: [0x0000000011b10000,0x0000000012310000] byte_map_base: 0x000000000e509000

Marking Bits: (ParMarkBitMap*) 0x00000000616e0600
 Begin Bits: [0x0000000012c70000, 0x0000000016c38000)
 End Bits:   [0x0000000016c38000, 0x000000001ac00000)

Polling page: 0x0000000000d70000

CodeCache: size=245760Kb used=2739Kb max_used=2739Kb free=243020Kb
 bounds [0x0000000002750000, 0x0000000002a00000, 0x0000000011750000]
 total_blobs=1426 nmethods=609 adapters=730
 compilation: enabled

Compilation events (10 events):
Event: 0.809 Thread 0x000000001bda6800  605       3       java.lang.ClassNotFoundException::<init> (7 bytes)
Event: 0.809 Thread 0x000000001bda6800 nmethod 605 0x00000000029fae90 code [0x00000000029fb000, 0x00000000029fb248]
Event: 0.809 Thread 0x000000001bda6800  606       3       java.lang.ReflectiveOperationException::<init> (7 bytes)
Event: 0.809 Thread 0x000000001bda6800 nmethod 606 0x00000000029fb350 code [0x00000000029fb4c0, 0x00000000029fb6a8]
Event: 0.809 Thread 0x000000001bda6800  607   !   3       java.net.URLClassLoader::definePackageInternal (81 bytes)
Event: 0.810 Thread 0x000000001bda6800 nmethod 607 0x00000000029fb790 code [0x00000000029fb9a0, 0x00000000029fc4f8]
Event: 0.810 Thread 0x000000001bda6800  608       3       java.lang.ClassLoader::addClass (9 bytes)
Event: 0.810 Thread 0x000000001bda6800 nmethod 608 0x00000000029fc9d0 code [0x00000000029fcb40, 0x00000000029fcd68]
Event: 0.811 Thread 0x000000001bda6800  609       3       java.util.Vector::elementData (7 bytes)
Event: 0.811 Thread 0x000000001bda6800 nmethod 609 0x00000000029fce50 code [0x00000000029fcfa0, 0x00000000029fd130]

GC Heap History (0 events):
No events

Deoptimization events (0 events):
No events

Internal exceptions (10 events):
Event: 0.076 Thread 0x00000000025cd800 Exception <a 'java/security/PrivilegedActionException'> (0x000000076b36c780) thrown at [D:\re\puppet\workspace\8-2-build-windows-amd64-cygwin\jdk8u73\6086\hotspot\src\share\vm\prims\jvm.cpp, line 1386]
Event: 0.076 Thread 0x00000000025cd800 Exception <a 'java/security/PrivilegedActionException'> (0x000000076b36c990) thrown at [D:\re\puppet\workspace\8-2-build-windows-amd64-cygwin\jdk8u73\6086\hotspot\src\share\vm\prims\jvm.cpp, line 1386]
Event: 0.102 Thread 0x00000000025cd800 Exception <a 'java/lang/NoSuchFieldError': method resolution failed> (0x000000076b440c08) thrown at [D:\re\puppet\workspace\8-2-build-windows-amd64-cygwin\jdk8u73\6086\hotspot\src\share\vm\prims\methodHandles.cpp, line 1146]
Event: 0.103 Thread 0x00000000025cd800 Exception <a 'java/lang/NoSuchFieldError': method resolution failed> (0x000000076b44df88) thrown at [D:\re\puppet\workspace\8-2-build-windows-amd64-cygwin\jdk8u73\6086\hotspot\src\share\vm\prims\methodHandles.cpp, line 1146]
Event: 0.628 Thread 0x00000000025cd800 Exception <a 'sun/nio/fs/WindowsException'> (0x000000076b738458) thrown at [D:\re\puppet\workspace\8-2-build-windows-amd64-cygwin\jdk8u73\6086\hotspot\src\share\vm\prims\jni.cpp, line 709]
Event: 0.628 Thread 0x00000000025cd800 Exception <a 'sun/nio/fs/WindowsException'> (0x000000076b738c50) thrown at [D:\re\puppet\workspace\8-2-build-windows-amd64-cygwin\jdk8u73\6086\hotspot\src\share\vm\prims\jni.cpp, line 709]
Event: 0.629 Thread 0x00000000025cd800 Exception <a 'sun/nio/fs/WindowsException'> (0x000000076b73adf8) thrown at [D:\re\puppet\workspace\8-2-build-windows-amd64-cygwin\jdk8u73\6086\hotspot\src\share\vm\prims\jni.cpp, line 709]
Event: 0.629 Thread 0x00000000025cd800 Exception <a 'sun/nio/fs/WindowsException'> (0x000000076b73b310) thrown at [D:\re\puppet\workspace\8-2-build-windows-amd64-cygwin\jdk8u73\6086\hotspot\src\share\vm\prims\jni.cpp, line 709]
Event: 0.629 Thread 0x00000000025cd800 Exception <a 'sun/nio/fs/WindowsException'> (0x000000076b73bce8) thrown at [D:\re\puppet\workspace\8-2-build-windows-amd64-cygwin\jdk8u73\6086\hotspot\src\share\vm\prims\jni.cpp, line 709]
Event: 0.629 Thread 0x00000000025cd800 Exception <a 'sun/nio/fs/WindowsException'> (0x000000076b73c178) thrown at [D:\re\puppet\workspace\8-2-build-windows-amd64-cygwin\jdk8u73\6086\hotspot\src\share\vm\prims\jni.cpp, line 709]

Events (10 events):
Event: 0.808 loading class java/util/regex/Pattern$Dollar
Event: 0.808 loading class java/util/regex/Pattern$Dollar done
Event: 0.809 loading class org/lwjgl/system/APIUtil$Encoder
Event: 0.809 loading class org/lwjgl/system/APIUtil$Encoder done
Event: 0.809 loading class org/lwjgl/system/APIUtil$Encoder
Event: 0.809 loading class org/lwjgl/system/APIUtil$Encoder done
Event: 0.809 loading class org/lwjgl/system/jemalloc/JEmalloc$Functions
Event: 0.809 loading class org/lwjgl/system/jemalloc/JEmalloc$Functions done
Event: 0.811 loading class com/gmail/youknowjoejoe/ogld2/Utilities
Event: 0.811 loading class com/gmail/youknowjoejoe/ogld2/Utilities done


Dynamic libraries:
0x00007ff6b1830000 - 0x00007ff6b1867000 	C:\Program Files\Java\jre1.8.0_73\bin\javaw.exe
0x00007ffe58660000 - 0x00007ffe58831000 	C:\WINDOWS\SYSTEM32\ntdll.dll
0x00007ffe55ef0000 - 0x00007ffe55f9b000 	C:\WINDOWS\System32\KERNEL32.DLL
0x00007ffe55880000 - 0x00007ffe55a9d000 	C:\WINDOWS\System32\KERNELBASE.dll
0x00007ffe55d90000 - 0x00007ffe55e32000 	C:\WINDOWS\System32\ADVAPI32.dll
0x00007ffe56b60000 - 0x00007ffe56bfe000 	C:\WINDOWS\System32\msvcrt.dll
0x00007ffe58600000 - 0x00007ffe58659000 	C:\WINDOWS\System32\sechost.dll
0x00007ffe56c00000 - 0x00007ffe56d21000 	C:\WINDOWS\System32\RPCRT4.dll
0x00007ffe55fb0000 - 0x00007ffe56115000 	C:\WINDOWS\System32\USER32.dll
0x00007ffe54c50000 - 0x00007ffe54c6e000 	C:\WINDOWS\System32\win32u.dll
0x00007ffe56400000 - 0x00007ffe56434000 	C:\WINDOWS\System32\GDI32.dll
0x00007ffe54d90000 - 0x00007ffe54f12000 	C:\WINDOWS\System32\gdi32full.dll
0x00007ffe4d4c0000 - 0x00007ffe4d739000 	C:\WINDOWS\WinSxS\amd64_microsoft.windows.common-controls_6595b64144ccf1df_6.0.14393.447_none_42191651c6827bb3\COMCTL32.dll
0x00007ffe56460000 - 0x00007ffe56728000 	C:\WINDOWS\System32\combase.dll
0x00007ffe54b50000 - 0x00007ffe54c45000 	C:\WINDOWS\System32\ucrtbase.dll
0x00007ffe54d20000 - 0x00007ffe54d8a000 	C:\WINDOWS\System32\bcryptPrimitives.dll
0x00007ffe55e50000 - 0x00007ffe55e7e000 	C:\WINDOWS\System32\IMM32.DLL
0x0000000060b30000 - 0x0000000060c02000 	C:\Program Files\Java\jre1.8.0_73\bin\msvcr100.dll
0x0000000060ed0000 - 0x0000000061760000 	C:\Program Files\Java\jre1.8.0_73\bin\server\jvm.dll
0x00007ffe55fa0000 - 0x00007ffe55fa8000 	C:\WINDOWS\System32\PSAPI.DLL
0x00007ffe46a40000 - 0x00007ffe46a49000 	C:\WINDOWS\SYSTEM32\WSOCK32.dll
0x00007ffe50e60000 - 0x00007ffe50e6a000 	C:\WINDOWS\SYSTEM32\VERSION.dll
0x00007ffe52d10000 - 0x00007ffe52d33000 	C:\WINDOWS\SYSTEM32\WINMM.dll
0x00007ffe55e80000 - 0x00007ffe55eea000 	C:\WINDOWS\System32\WS2_32.dll
0x0000000000d20000 - 0x0000000000d4b000 	C:\WINDOWS\SYSTEM32\WINMMBASE.dll
0x00007ffe55ba0000 - 0x00007ffe55be2000 	C:\WINDOWS\System32\cfgmgr32.dll
0x0000000060de0000 - 0x0000000060def000 	C:\Program Files\Java\jre1.8.0_73\bin\verify.dll
0x0000000060db0000 - 0x0000000060dd9000 	C:\Program Files\Java\jre1.8.0_73\bin\java.dll
0x0000000060d90000 - 0x0000000060da6000 	C:\Program Files\Java\jre1.8.0_73\bin\zip.dll
0x00007ffe56d30000 - 0x00007ffe58239000 	C:\WINDOWS\System32\SHELL32.dll
0x00007ffe551a0000 - 0x00007ffe5587a000 	C:\WINDOWS\System32\windows.storage.dll
0x00007ffe54ae0000 - 0x00007ffe54b2c000 	C:\WINDOWS\System32\powrprof.dll
0x00007ffe58240000 - 0x00007ffe58292000 	C:\WINDOWS\System32\shlwapi.dll
0x00007ffe54b30000 - 0x00007ffe54b3f000 	C:\WINDOWS\System32\kernel.appcore.dll
0x00007ffe54f20000 - 0x00007ffe54fc9000 	C:\WINDOWS\System32\shcore.dll
0x00007ffe54ac0000 - 0x00007ffe54ad4000 	C:\WINDOWS\System32\profapi.dll
0x0000000060d70000 - 0x0000000060d8a000 	C:\Program Files\Java\jre1.8.0_73\bin\net.dll
0x00007ffe542c0000 - 0x00007ffe5431c000 	C:\WINDOWS\system32\mswsock.dll
0x0000000060d50000 - 0x0000000060d61000 	C:\Program Files\Java\jre1.8.0_73\bin\nio.dll
0x00007ffe41550000 - 0x00007ffe415a7000 	C:\Users\Joseph\AppData\Local\Temp\lwjglJoseph\3.1.1-build-16\lwjgl.dll
0x00007ffe54550000 - 0x00007ffe5455b000 	C:\WINDOWS\SYSTEM32\CRYPTBASE.DLL
0x00007ffe45c80000 - 0x00007ffe45cbe000 	C:\Users\Joseph\AppData\Local\Temp\lwjglJoseph\3.1.1-build-16\jemalloc.dll
0x00007ffe41510000 - 0x00007ffe4154c000 	C:\Users\Joseph\AppData\Local\Temp\lwjglJoseph\3.1.1-build-16\glfw.dll
0x00007ffe53250000 - 0x00007ffe532e5000 	C:\WINDOWS\system32\uxtheme.dll
0x00007ffe414d0000 - 0x00007ffe41510000 	C:\WINDOWS\SYSTEM32\dinput8.dll
0x00007ffe52800000 - 0x00007ffe5280e000 	C:\WINDOWS\SYSTEM32\xinput1_4.dll
0x00007ffe536e0000 - 0x00007ffe53708000 	C:\WINDOWS\SYSTEM32\DEVOBJ.dll
0x00007ffe527b0000 - 0x00007ffe527d6000 	C:\WINDOWS\SYSTEM32\dwmapi.dll
0x00007ffe45be0000 - 0x00007ffe45c78000 	C:\Program Files\Common Files\microsoft shared\ink\tiptsf.dll
0x00007ffe56340000 - 0x00007ffe563ff000 	C:\WINDOWS\System32\OLEAUT32.dll
0x00007ffe55aa0000 - 0x00007ffe55b3c000 	C:\WINDOWS\System32\msvcp_win.dll
0x00007ffe539b0000 - 0x00007ffe539bc000 	C:\WINDOWS\SYSTEM32\HID.DLL
0x00007ffe56730000 - 0x00007ffe56b59000 	C:\WINDOWS\System32\SETUPAPI.DLL
0x00007ffe55b40000 - 0x00007ffe55b95000 	C:\WINDOWS\System32\WINTRUST.dll
0x00007ffe54b40000 - 0x00007ffe54b50000 	C:\WINDOWS\System32\MSASN1.dll
0x00007ffe54fd0000 - 0x00007ffe55199000 	C:\WINDOWS\System32\CRYPT32.dll
0x00007ffe582a0000 - 0x00007ffe583fb000 	C:\WINDOWS\System32\MSCTF.dll
0x00007ffe3cbc0000 - 0x00007ffe3cce3000 	C:\WINDOWS\SYSTEM32\opengl32.dll
0x00007ffe4ca20000 - 0x00007ffe4ca4d000 	C:\WINDOWS\SYSTEM32\GLU32.dll
0x00007ffe36d30000 - 0x00007ffe36e27000 	C:\WINDOWS\SYSTEM32\DDRAW.dll
0x00007ffe4e040000 - 0x00007ffe4e048000 	C:\WINDOWS\SYSTEM32\DCIMAN32.dll
0x000000005ecc0000 - 0x0000000060b2c000 	C:\WINDOWS\SYSTEM32\nvoglv64.DLL
0x00007ffe4e290000 - 0x00007ffe4e422000 	C:\WINDOWS\SYSTEM32\dbghelp.dll
0x00007ffe51fc0000 - 0x00007ffe51fd3000 	C:\WINDOWS\SYSTEM32\WTSAPI32.dll
0x00007ffe53e70000 - 0x00007ffe53ea2000 	C:\WINDOWS\SYSTEM32\ntmarta.dll
0x00007ffe549a0000 - 0x00007ffe549f6000 	C:\WINDOWS\SYSTEM32\WINSTA.dll
0x00007ffe3e340000 - 0x00007ffe3e39f000 	C:\Users\Joseph\AppData\Local\Temp\lwjglJoseph\3.1.1-build-16\lwjgl_opengl.dll
0x00007ffe562a0000 - 0x00007ffe5633f000 	C:\WINDOWS\System32\clbcatq.dll
0x00007ffe46ac0000 - 0x00007ffe46c6a000 	C:\Windows\System32\uiautomationcore.dll
0x00007ffe54140000 - 0x00007ffe5415f000 	C:\Windows\System32\USERENV.dll
0x00007ffe54900000 - 0x00007ffe54998000 	C:\WINDOWS\SYSTEM32\sxs.dll
0x00007ffe52e50000 - 0x00007ffe52eb5000 	C:\Windows\System32\OLEACC.dll

VM Arguments:
jvm_args: -Dfile.encoding=Cp1252 
java_command: com.gmail.youknowjoejoe.ogld2.Main
java_class_path (initial): C:\Users\Joseph\lwjglWorkspace\OpenGLDerp2\bin;C:\Users\Joseph\lwjglWorkspace\OpenGLDerp2\lib\lwjgl-glfw-javadoc.jar;C:\Users\Joseph\lwjglWorkspace\OpenGLDerp2\lib\lwjgl-glfw-natives-windows.jar;C:\Users\Joseph\lwjglWorkspace\OpenGLDerp2\lib\lwjgl-glfw-sources.jar;C:\Users\Joseph\lwjglWorkspace\OpenGLDerp2\lib\lwjgl-glfw.jar;C:\Users\Joseph\lwjglWorkspace\OpenGLDerp2\lib\lwjgl-javadoc.jar;C:\Users\Joseph\lwjglWorkspace\OpenGLDerp2\lib\lwjgl-jemalloc-javadoc.jar;C:\Users\Joseph\lwjglWorkspace\OpenGLDerp2\lib\lwjgl-jemalloc-natives-windows.jar;C:\Users\Joseph\lwjglWorkspace\OpenGLDerp2\lib\lwjgl-jemalloc-sources.jar;C:\Users\Joseph\lwjglWorkspace\OpenGLDerp2\lib\lwjgl-jemalloc.jar;C:\Users\Joseph\lwjglWorkspace\OpenGLDerp2\lib\lwjgl-natives-windows.jar;C:\Users\Joseph\lwjglWorkspace\OpenGLDerp2\lib\lwjgl-openal-javadoc.jar;C:\Users\Joseph\lwjglWorkspace\OpenGLDerp2\lib\lwjgl-openal-natives-windows.jar;C:\Users\Joseph\lwjglWorkspace\OpenGLDerp2\lib\lwjgl-openal-sources.jar;C:\Users\Joseph\lwjglWorkspace\OpenGLDerp2\lib\lwjgl-openal.jar;C:\Users\Joseph\lwjglWorkspace\OpenGLDerp2\lib\lwjgl-opengl-javadoc.jar;C:\Users\Joseph\lwjglWorkspace\OpenGLDerp2\lib\lwjgl-opengl-natives-windows.jar;C:\Users\Joseph\lwjglWorkspace\OpenGLDerp2\lib\lwjgl-opengl-sources.jar;C:\Users\Joseph\lwjglWorkspace\OpenGLDerp2\lib\lwjgl-opengl.jar;C:\Users\Joseph\lwjglWorkspace\OpenGLDerp2\lib\lwjgl-sources.jar;C:\Users\Joseph\lwjglWorkspace\OpenGLDerp2\lib\lwjgl-stb-javadoc.jar;C:\Users\Joseph\lwjglWorkspace\OpenGLDerp2\lib\lwjgl-stb-natives-windows.jar;C:\Users\Joseph\lwjglWorkspace\OpenGLDerp2\lib\lwjgl-stb-sources.jar;C:\Users\Joseph\lwjglWorkspace\OpenGLDerp2\lib\lwjgl-stb.jar;C:\Users\Joseph\lwjglWorkspace\OpenGLDerp2\lib\lwjgl.jar
Launcher Type: SUN_STANDARD

Environment Variables:
PATH=C:/Program Files/Java/jre1.8.0_73/bin/server;C:/Program Files/Java/jre1.8.0_73/bin;C:/Program Files/Java/jre1.8.0_73/lib/amd64;C:\Program Files (x86)\NVIDIA Corporation\PhysX\Common;C:\ProgramData\Oracle\Java\javapath;C:\WINDOWS\system32;C:\WINDOWS;C:\WINDOWS\System32\Wbem;C:\WINDOWS\System32\WindowsPowerShell\v1.0\;C:\Program Files (x86)\Skype\Phone\;C:\Program Files (x86)\GtkSharp\2.12\bin;C:\Program Files (x86)\Windows Kits\8.1\Windows Performance Toolkit\;C:\Program Files (x86)\Windows Live\Shared;C:\Program Files\Git\cmd;;C:\Program Files (x86)\Microsoft VS Code\bin;C:\Users\Joseph\AppData\Local\Microsoft\WindowsApps;C:\Users\Joseph\Documents\eclipse\eclipse;
USERNAME=Joseph
OS=Windows_NT
PROCESSOR_IDENTIFIER=Intel64 Family 6 Model 94 Stepping 3, GenuineIntel



---------------  S Y S T E M  ---------------

OS: Windows 10.0 , 64 bit Build 14393 (10.0.14393.0)

CPU:total 4 (4 cores per cpu, 1 threads per core) family 6 model 94 stepping 3, cmov, cx8, fxsr, mmx, sse, sse2, sse3, ssse3, sse4.1, sse4.2, popcnt, avx, avx2, aes, clmul, erms, rtm, 3dnowpref, lzcnt, tsc, tscinvbit, bmi1, bmi2, adx

Memory: 4k page, physical 16712540k(9861580k free), swap 25625436k(16197528k free)

vm_info: Java HotSpot(TM) 64-Bit Server VM (25.73-b02) for windows-amd64 JRE (1.8.0_73-b02), built on Jan 29 2016 17:38:49 by "java_re" with MS VC++ 10.0 (VS2010)

time: Sat Jan 07 20:56:06 2017
elapsed time: 0 seconds (0d 0h 0m 0s)

