#
# A fatal error has been detected by the Java Runtime Environment:
#
#  EXCEPTION_ACCESS_VIOLATION (0xc0000005) at pc=0x00007ffe3e22f137, pid=7140, tid=15120
#
# JRE version: Java(TM) SE Runtime Environment (8.0_73-b02) (build 1.8.0_73-b02)
# Java VM: Java HotSpot(TM) 64-Bit Server VM (25.73-b02 mixed mode windows-amd64 compressed oops)
# Problematic frame:
# C  [lwjgl_opengl.dll+0xf137]
#
# Failed to write core dump. Minidumps are not enabled by default on client versions of Windows
#
# If you would like to submit a bug report, please visit:
#   http://bugreport.java.com/bugreport/crash.jsp
# The crash happened outside the Java Virtual Machine in native code.
# See problematic frame for where to report the bug.
#

---------------  T H R E A D  ---------------

Current thread (0x00000000027bd800):  JavaThread "main" [_thread_in_native, id=15120, stack(0x00000000028f0000,0x00000000029f0000)]

siginfo: ExceptionCode=0xc0000005, reading address 0x00000000000015e0

Registers:
RAX=0x0000000061666d40, RBX=0x000000001bc2c4c8, RCX=0x0000000000000000, RDX=0x00000000029ef4e8
RSP=0x00000000029ef468, RBP=0x00000000029ef4d8, RSI=0x000000000000000f, RDI=0x0000000000000000
R8 =0x0000000000001f02, R9 =0x00000000027b7b40, R10=0x0000000002b05e08, R11=0x00000000610f9530
R12=0x0000000000000000, R13=0x000000001bc2c4c8, R14=0x00000000029ef4f8, R15=0x00000000027bd800
RIP=0x00007ffe3e22f137, EFLAGS=0x0000000000010206

Top of Stack: (sp=0x00000000029ef468)
0x00000000029ef468:   0000000002b05e34 00000000027bd800
0x00000000029ef478:   000000001bc2c4c8 000000000000000f
0x00000000029ef488:   00000000027bd800 0000000002b05b62
0x00000000029ef498:   00000000029ef498 000000001bc2c4c8
0x00000000029ef4a8:   00000000029ef4f8 000000001bc4d870
0x00000000029ef4b8:   0000000000000000 000000001bc2c4c8
0x00000000029ef4c8:   0000000000000000 00000000029ef4f8
0x00000000029ef4d8:   00000000029ef540 0000000002af7800
0x00000000029ef4e8:   000000076b50a318 0000000002aff977
0x00000000029ef4f8:   0000000000001f02 00000000029ef500
0x00000000029ef508:   000000001bc2c561 00000000029ef560
0x00000000029ef518:   000000001bc4d870 0000000000000000
0x00000000029ef528:   000000001bc2c590 00000000029ef4f8
0x00000000029ef538:   00000000029ef560 00000000029ef5b8
0x00000000029ef548:   0000000002af7a70 0000000000000000
0x00000000029ef558:   0000000000000000 0000000000001f02 

Instructions: (pc=0x00007ffe3e22f137)
0x00007ffe3e22f117:   8b 50 18 48 ff a2 60 14 00 00 cc cc cc cc cc cc
0x00007ffe3e22f127:   cc cc cc cc cc cc cc cc cc 48 8b 01 48 8b 48 18
0x00007ffe3e22f137:   48 8b 81 e0 15 00 00 41 8b c8 48 ff e0 cc cc cc
0x00007ffe3e22f147:   cc cc cc cc cc cc cc cc cc 48 8b 01 45 8b d8 4c 


Register to memory mapping:

RAX=0x0000000061666d40 is an unknown value
RBX={method} {0x000000001bc2c4d0} 'nglGetString' '(I)J' in 'org/lwjgl/opengl/GL11'
RCX=0x0000000000000000 is an unknown value
RDX=0x00000000029ef4e8 is pointing into the stack for thread: 0x00000000027bd800
RSP=0x00000000029ef468 is pointing into the stack for thread: 0x00000000027bd800
RBP=0x00000000029ef4d8 is pointing into the stack for thread: 0x00000000027bd800
RSI=0x000000000000000f is an unknown value
RDI=0x0000000000000000 is an unknown value
R8 =0x0000000000001f02 is an unknown value
R9 =0x00000000027b7b40 is an unknown value
R10=0x0000000002b05e08 is at code_begin+840 in an Interpreter codelet
method entry point (kind = native)  [0x0000000002b05ac0, 0x0000000002b06420]  2400 bytes
R11=0x00000000610f9530 is an unknown value
R12=0x0000000000000000 is an unknown value
R13={method} {0x000000001bc2c4d0} 'nglGetString' '(I)J' in 'org/lwjgl/opengl/GL11'
R14=0x00000000029ef4f8 is pointing into the stack for thread: 0x00000000027bd800
R15=0x00000000027bd800 is a thread


Stack: [0x00000000028f0000,0x00000000029f0000],  sp=0x00000000029ef468,  free space=1021k
Native frames: (J=compiled Java code, j=interpreted, Vv=VM code, C=native code)
C  [lwjgl_opengl.dll+0xf137]

Java frames: (J=compiled Java code, j=interpreted, Vv=VM code)
j  org.lwjgl.opengl.GL11.nglGetString(I)J+0
j  org.lwjgl.opengl.GL11.glGetString(I)Ljava/lang/String;+1
j  com.gmail.youknowjoejoe.ogld2.Main.run()V+39
j  com.gmail.youknowjoejoe.ogld2.Main.main([Ljava/lang/String;)V+7
v  ~StubRoutines::call_stub

---------------  P R O C E S S  ---------------

Java Threads: ( => current thread )
  0x000000001db15800 JavaThread "Service Thread" daemon [_thread_blocked, id=16020, stack(0x000000001dee0000,0x000000001dfe0000)]
  0x000000001c197000 JavaThread "C1 CompilerThread2" daemon [_thread_blocked, id=8928, stack(0x000000001d9e0000,0x000000001dae0000)]
  0x000000001c190000 JavaThread "C2 CompilerThread1" daemon [_thread_blocked, id=7152, stack(0x000000001d8e0000,0x000000001d9e0000)]
  0x000000001c18d800 JavaThread "C2 CompilerThread0" daemon [_thread_blocked, id=13288, stack(0x000000001d7e0000,0x000000001d8e0000)]
  0x000000001c18c800 JavaThread "Attach Listener" daemon [_thread_blocked, id=9768, stack(0x000000001d6e0000,0x000000001d7e0000)]
  0x000000001c18c000 JavaThread "Signal Dispatcher" daemon [_thread_blocked, id=8944, stack(0x000000001d5e0000,0x000000001d6e0000)]
  0x0000000002ae8800 JavaThread "Finalizer" daemon [_thread_blocked, id=7740, stack(0x000000001d3f0000,0x000000001d4f0000)]
  0x0000000002adf800 JavaThread "Reference Handler" daemon [_thread_blocked, id=9056, stack(0x000000001d2f0000,0x000000001d3f0000)]
=>0x00000000027bd800 JavaThread "main" [_thread_in_native, id=15120, stack(0x00000000028f0000,0x00000000029f0000)]

Other Threads:
  0x000000001c157000 VMThread [stack: 0x000000001d1f0000,0x000000001d2f0000] [id=10908]
  0x000000001db22800 WatcherThread [stack: 0x000000001dfe0000,0x000000001e0e0000] [id=7452]

VM state:not at safepoint (normal execution)

VM Mutex/Monitor currently owned by a thread: None

Heap:
 PSYoungGen      total 76288K, used 7864K [0x000000076af80000, 0x0000000770480000, 0x00000007c0000000)
  eden space 65536K, 12% used [0x000000076af80000,0x000000076b72e240,0x000000076ef80000)
  from space 10752K, 0% used [0x000000076fa00000,0x000000076fa00000,0x0000000770480000)
  to   space 10752K, 0% used [0x000000076ef80000,0x000000076ef80000,0x000000076fa00000)
 ParOldGen       total 175104K, used 0K [0x00000006c0e00000, 0x00000006cb900000, 0x000000076af80000)
  object space 175104K, 0% used [0x00000006c0e00000,0x00000006c0e00000,0x00000006cb900000)
 Metaspace       used 5141K, capacity 5396K, committed 5504K, reserved 1056768K
  class space    used 562K, capacity 634K, committed 640K, reserved 1048576K

Card table byte_map: [0x0000000011eb0000,0x00000000126b0000] byte_map_base: 0x000000000e8a9000

Marking Bits: (ParMarkBitMap*) 0x00000000616e0600
 Begin Bits: [0x0000000013010000, 0x0000000016fd8000)
 End Bits:   [0x0000000016fd8000, 0x000000001afa0000)

Polling page: 0x0000000002730000

CodeCache: size=245760Kb used=1806Kb max_used=1818Kb free=243953Kb
 bounds [0x0000000002af0000, 0x0000000002d60000, 0x0000000011af0000]
 total_blobs=684 nmethods=344 adapters=253
 compilation: enabled

Compilation events (10 events):
Event: 0.157 Thread 0x000000001c197000 nmethod 338 0x0000000002cae710 code [0x0000000002cae880, 0x0000000002caec88]
Event: 0.157 Thread 0x000000001c197000  339       3       java.util.jar.JarFile$JarEntryIterator::nextElement (5 bytes)
Event: 0.157 Thread 0x000000001c197000 nmethod 339 0x0000000002caee90 code [0x0000000002caf040, 0x0000000002caf5b8]
Event: 0.157 Thread 0x000000001c197000  340       3       java.lang.String::substring (56 bytes)
Event: 0.157 Thread 0x000000001c197000 nmethod 340 0x0000000002caf850 code [0x0000000002caf9e0, 0x0000000002cafd88]
Event: 0.159 Thread 0x000000001c197000  341       3       java.util.zip.ZipCoder::toString (190 bytes)
Event: 0.160 Thread 0x000000001c197000 nmethod 341 0x0000000002caff10 code [0x0000000002cb02a0, 0x0000000002cb2258]
Event: 0.160 Thread 0x000000001c18d800  342       4       java.lang.String::replace (127 bytes)
Event: 0.162 Thread 0x000000001c197000  344       3       java.lang.String::equalsIgnoreCase (48 bytes)
Event: 0.162 Thread 0x000000001c197000 nmethod 344 0x0000000002cb3390 code [0x0000000002cb3500, 0x0000000002cb3868]

GC Heap History (0 events):
No events

Deoptimization events (0 events):
No events

Internal exceptions (10 events):
Event: 0.083 Thread 0x00000000027bd800 Exception <a 'java/security/PrivilegedActionException'> (0x000000076b36c4e0) thrown at [D:\re\puppet\workspace\8-2-build-windows-amd64-cygwin\jdk8u73\6086\hotspot\src\share\vm\prims\jvm.cpp, line 1386]
Event: 0.083 Thread 0x00000000027bd800 Exception <a 'java/security/PrivilegedActionException'> (0x000000076b36c6f0) thrown at [D:\re\puppet\workspace\8-2-build-windows-amd64-cygwin\jdk8u73\6086\hotspot\src\share\vm\prims\jvm.cpp, line 1386]
Event: 0.106 Thread 0x00000000027bd800 Exception <a 'java/lang/NoSuchFieldError': method resolution failed> (0x000000076b440968) thrown at [D:\re\puppet\workspace\8-2-build-windows-amd64-cygwin\jdk8u73\6086\hotspot\src\share\vm\prims\methodHandles.cpp, line 1146]
Event: 0.107 Thread 0x00000000027bd800 Exception <a 'java/lang/NoSuchFieldError': method resolution failed> (0x000000076b44dce8) thrown at [D:\re\puppet\workspace\8-2-build-windows-amd64-cygwin\jdk8u73\6086\hotspot\src\share\vm\prims\methodHandles.cpp, line 1146]
Event: 0.152 Thread 0x00000000027bd800 Exception <a 'sun/nio/fs/WindowsException'> (0x000000076b5b8500) thrown at [D:\re\puppet\workspace\8-2-build-windows-amd64-cygwin\jdk8u73\6086\hotspot\src\share\vm\prims\jni.cpp, line 709]
Event: 0.152 Thread 0x00000000027bd800 Exception <a 'sun/nio/fs/WindowsException'> (0x000000076b5b8cf8) thrown at [D:\re\puppet\workspace\8-2-build-windows-amd64-cygwin\jdk8u73\6086\hotspot\src\share\vm\prims\jni.cpp, line 709]
Event: 0.152 Thread 0x00000000027bd800 Exception <a 'sun/nio/fs/WindowsException'> (0x000000076b5baea0) thrown at [D:\re\puppet\workspace\8-2-build-windows-amd64-cygwin\jdk8u73\6086\hotspot\src\share\vm\prims\jni.cpp, line 709]
Event: 0.152 Thread 0x00000000027bd800 Exception <a 'sun/nio/fs/WindowsException'> (0x000000076b5bb3b8) thrown at [D:\re\puppet\workspace\8-2-build-windows-amd64-cygwin\jdk8u73\6086\hotspot\src\share\vm\prims\jni.cpp, line 709]
Event: 0.152 Thread 0x00000000027bd800 Exception <a 'sun/nio/fs/WindowsException'> (0x000000076b5bbd90) thrown at [D:\re\puppet\workspace\8-2-build-windows-amd64-cygwin\jdk8u73\6086\hotspot\src\share\vm\prims\jni.cpp, line 709]
Event: 0.152 Thread 0x00000000027bd800 Exception <a 'sun/nio/fs/WindowsException'> (0x000000076b5bc220) thrown at [D:\re\puppet\workspace\8-2-build-windows-amd64-cygwin\jdk8u73\6086\hotspot\src\share\vm\prims\jni.cpp, line 709]

Events (10 events):
Event: 0.160 loading class java/nio/DirectDoubleBufferU
Event: 0.160 loading class java/nio/DirectDoubleBufferU done
Event: 0.160 loading class org/lwjgl/system/windows/WinBase
Event: 0.160 loading class org/lwjgl/system/windows/WinBase done
Event: 0.162 loading class org/lwjgl/opengl/GL$1
Event: 0.162 loading class org/lwjgl/opengl/GL$1 done
Event: 0.162 loading class org/lwjgl/opengl/GL$SharedLibraryGL
Event: 0.162 loading class org/lwjgl/opengl/GL$SharedLibraryGL done
Event: 0.162 loading class org/lwjgl/system/SharedLibrary$Delegate
Event: 0.162 loading class org/lwjgl/system/SharedLibrary$Delegate done


Dynamic libraries:
0x00007ff6b1830000 - 0x00007ff6b1867000 	C:\Program Files\Java\jre1.8.0_73\bin\javaw.exe
0x00007ffe58660000 - 0x00007ffe58831000 	C:\WINDOWS\SYSTEM32\ntdll.dll
0x00007ffe55ef0000 - 0x00007ffe55f9b000 	C:\WINDOWS\System32\KERNEL32.DLL
0x00007ffe55880000 - 0x00007ffe55a9d000 	C:\WINDOWS\System32\KERNELBASE.dll
0x00007ffe55d90000 - 0x00007ffe55e32000 	C:\WINDOWS\System32\ADVAPI32.dll
0x00007ffe56b60000 - 0x00007ffe56bfe000 	C:\WINDOWS\System32\msvcrt.dll
0x00007ffe58600000 - 0x00007ffe58659000 	C:\WINDOWS\System32\sechost.dll
0x00007ffe56c00000 - 0x00007ffe56d21000 	C:\WINDOWS\System32\RPCRT4.dll
0x00007ffe55fb0000 - 0x00007ffe56115000 	C:\WINDOWS\System32\USER32.dll
0x00007ffe54c50000 - 0x00007ffe54c6e000 	C:\WINDOWS\System32\win32u.dll
0x00007ffe56400000 - 0x00007ffe56434000 	C:\WINDOWS\System32\GDI32.dll
0x00007ffe54d90000 - 0x00007ffe54f12000 	C:\WINDOWS\System32\gdi32full.dll
0x00007ffe4d4c0000 - 0x00007ffe4d739000 	C:\WINDOWS\WinSxS\amd64_microsoft.windows.common-controls_6595b64144ccf1df_6.0.14393.447_none_42191651c6827bb3\COMCTL32.dll
0x00007ffe56460000 - 0x00007ffe56728000 	C:\WINDOWS\System32\combase.dll
0x00007ffe54b50000 - 0x00007ffe54c45000 	C:\WINDOWS\System32\ucrtbase.dll
0x00007ffe54d20000 - 0x00007ffe54d8a000 	C:\WINDOWS\System32\bcryptPrimitives.dll
0x00007ffe55e50000 - 0x00007ffe55e7e000 	C:\WINDOWS\System32\IMM32.DLL
0x0000000060be0000 - 0x0000000060cb2000 	C:\Program Files\Java\jre1.8.0_73\bin\msvcr100.dll
0x0000000060ed0000 - 0x0000000061760000 	C:\Program Files\Java\jre1.8.0_73\bin\server\jvm.dll
0x00007ffe55fa0000 - 0x00007ffe55fa8000 	C:\WINDOWS\System32\PSAPI.DLL
0x00007ffe46a40000 - 0x00007ffe46a49000 	C:\WINDOWS\SYSTEM32\WSOCK32.dll
0x00007ffe50e60000 - 0x00007ffe50e6a000 	C:\WINDOWS\SYSTEM32\VERSION.dll
0x00007ffe52d10000 - 0x00007ffe52d33000 	C:\WINDOWS\SYSTEM32\WINMM.dll
0x00007ffe55e80000 - 0x00007ffe55eea000 	C:\WINDOWS\System32\WS2_32.dll
0x0000000002740000 - 0x000000000276b000 	C:\WINDOWS\SYSTEM32\WINMMBASE.dll
0x00007ffe55ba0000 - 0x00007ffe55be2000 	C:\WINDOWS\System32\cfgmgr32.dll
0x0000000060de0000 - 0x0000000060def000 	C:\Program Files\Java\jre1.8.0_73\bin\verify.dll
0x0000000060db0000 - 0x0000000060dd9000 	C:\Program Files\Java\jre1.8.0_73\bin\java.dll
0x0000000060d90000 - 0x0000000060da6000 	C:\Program Files\Java\jre1.8.0_73\bin\zip.dll
0x00007ffe56d30000 - 0x00007ffe58239000 	C:\WINDOWS\System32\SHELL32.dll
0x00007ffe551a0000 - 0x00007ffe5587a000 	C:\WINDOWS\System32\windows.storage.dll
0x00007ffe54ae0000 - 0x00007ffe54b2c000 	C:\WINDOWS\System32\powrprof.dll
0x00007ffe58240000 - 0x00007ffe58292000 	C:\WINDOWS\System32\shlwapi.dll
0x00007ffe54b30000 - 0x00007ffe54b3f000 	C:\WINDOWS\System32\kernel.appcore.dll
0x00007ffe54f20000 - 0x00007ffe54fc9000 	C:\WINDOWS\System32\shcore.dll
0x00007ffe54ac0000 - 0x00007ffe54ad4000 	C:\WINDOWS\System32\profapi.dll
0x0000000060d70000 - 0x0000000060d8a000 	C:\Program Files\Java\jre1.8.0_73\bin\net.dll
0x00007ffe542c0000 - 0x00007ffe5431c000 	C:\WINDOWS\system32\mswsock.dll
0x0000000060d50000 - 0x0000000060d61000 	C:\Program Files\Java\jre1.8.0_73\bin\nio.dll
0x00007ffe45c90000 - 0x00007ffe45ce7000 	C:\Users\Joseph\AppData\Local\Temp\lwjglJoseph\3.1.1-build-16\lwjgl.dll
0x00007ffe54550000 - 0x00007ffe5455b000 	C:\WINDOWS\SYSTEM32\CRYPTBASE.DLL
0x00007ffe3e220000 - 0x00007ffe3e27f000 	C:\Users\Joseph\AppData\Local\Temp\lwjglJoseph\3.1.1-build-16\lwjgl_opengl.dll
0x00007ffe34370000 - 0x00007ffe34493000 	C:\WINDOWS\system32\opengl32.dll
0x00007ffe41740000 - 0x00007ffe4176d000 	C:\WINDOWS\SYSTEM32\GLU32.dll
0x00007ffe32470000 - 0x00007ffe32567000 	C:\WINDOWS\SYSTEM32\DDRAW.dll
0x00007ffe52800000 - 0x00007ffe52808000 	C:\WINDOWS\SYSTEM32\DCIMAN32.dll
0x00007ffe4e290000 - 0x00007ffe4e422000 	C:\WINDOWS\SYSTEM32\dbghelp.dll

VM Arguments:
jvm_args: -Dfile.encoding=Cp1252 
java_command: com.gmail.youknowjoejoe.ogld2.Main
java_class_path (initial): C:\Users\Joseph\lwjglWorkspace\OpenGLDerp2\bin;C:\Users\Joseph\lwjglWorkspace\OpenGLDerp2\lib\lwjgl-glfw-javadoc.jar;C:\Users\Joseph\lwjglWorkspace\OpenGLDerp2\lib\lwjgl-glfw-natives-windows.jar;C:\Users\Joseph\lwjglWorkspace\OpenGLDerp2\lib\lwjgl-glfw-sources.jar;C:\Users\Joseph\lwjglWorkspace\OpenGLDerp2\lib\lwjgl-glfw.jar;C:\Users\Joseph\lwjglWorkspace\OpenGLDerp2\lib\lwjgl-javadoc.jar;C:\Users\Joseph\lwjglWorkspace\OpenGLDerp2\lib\lwjgl-jemalloc-javadoc.jar;C:\Users\Joseph\lwjglWorkspace\OpenGLDerp2\lib\lwjgl-jemalloc-natives-windows.jar;C:\Users\Joseph\lwjglWorkspace\OpenGLDerp2\lib\lwjgl-jemalloc-sources.jar;C:\Users\Joseph\lwjglWorkspace\OpenGLDerp2\lib\lwjgl-jemalloc.jar;C:\Users\Joseph\lwjglWorkspace\OpenGLDerp2\lib\lwjgl-natives-windows.jar;C:\Users\Joseph\lwjglWorkspace\OpenGLDerp2\lib\lwjgl-openal-javadoc.jar;C:\Users\Joseph\lwjglWorkspace\OpenGLDerp2\lib\lwjgl-openal-natives-windows.jar;C:\Users\Joseph\lwjglWorkspace\OpenGLDerp2\lib\lwjgl-openal-sources.jar;C:\Users\Joseph\lwjglWorkspace\OpenGLDerp2\lib\lwjgl-openal.jar;C:\Users\Joseph\lwjglWorkspace\OpenGLDerp2\lib\lwjgl-opengl-javadoc.jar;C:\Users\Joseph\lwjglWorkspace\OpenGLDerp2\lib\lwjgl-opengl-natives-windows.jar;C:\Users\Joseph\lwjglWorkspace\OpenGLDerp2\lib\lwjgl-opengl-sources.jar;C:\Users\Joseph\lwjglWorkspace\OpenGLDerp2\lib\lwjgl-opengl.jar;C:\Users\Joseph\lwjglWorkspace\OpenGLDerp2\lib\lwjgl-sources.jar;C:\Users\Joseph\lwjglWorkspace\OpenGLDerp2\lib\lwjgl-stb-javadoc.jar;C:\Users\Joseph\lwjglWorkspace\OpenGLDerp2\lib\lwjgl-stb-natives-windows.jar;C:\Users\Joseph\lwjglWorkspace\OpenGLDerp2\lib\lwjgl-stb-sources.jar;C:\Users\Joseph\lwjglWorkspace\OpenGLDerp2\lib\lwjgl-stb.jar;C:\Users\Joseph\lwjglWorkspace\OpenGLDerp2\lib\lwjgl.jar
Launcher Type: SUN_STANDARD

Environment Variables:
PATH=C:/Program Files/Java/jre1.8.0_73/bin/server;C:/Program Files/Java/jre1.8.0_73/bin;C:/Program Files/Java/jre1.8.0_73/lib/amd64;C:\Program Files (x86)\NVIDIA Corporation\PhysX\Common;C:\ProgramData\Oracle\Java\javapath;C:\WINDOWS\system32;C:\WINDOWS;C:\WINDOWS\System32\Wbem;C:\WINDOWS\System32\WindowsPowerShell\v1.0\;C:\Program Files (x86)\Skype\Phone\;C:\Program Files (x86)\GtkSharp\2.12\bin;C:\Program Files (x86)\Windows Kits\8.1\Windows Performance Toolkit\;C:\Program Files (x86)\Windows Live\Shared;C:\Program Files\Git\cmd;;C:\Program Files (x86)\Microsoft VS Code\bin;C:\Users\Joseph\AppData\Local\Microsoft\WindowsApps;C:\Users\Joseph\Documents\eclipse\eclipse;
USERNAME=Joseph
OS=Windows_NT
PROCESSOR_IDENTIFIER=Intel64 Family 6 Model 94 Stepping 3, GenuineIntel



---------------  S Y S T E M  ---------------

OS: Windows 10.0 , 64 bit Build 14393 (10.0.14393.0)

CPU:total 4 (4 cores per cpu, 1 threads per core) family 6 model 94 stepping 3, cmov, cx8, fxsr, mmx, sse, sse2, sse3, ssse3, sse4.1, sse4.2, popcnt, avx, avx2, aes, clmul, erms, rtm, 3dnowpref, lzcnt, tsc, tscinvbit, bmi1, bmi2, adx

Memory: 4k page, physical 16712540k(9923532k free), swap 25625436k(16313904k free)

vm_info: Java HotSpot(TM) 64-Bit Server VM (25.73-b02) for windows-amd64 JRE (1.8.0_73-b02), built on Jan 29 2016 17:38:49 by "java_re" with MS VC++ 10.0 (VS2010)

time: Sat Jan 07 19:15:51 2017
elapsed time: 0 seconds (0d 0h 0m 0s)

